{
  "0 debug pnpm:scope": {
    "selected": 1
  },
  "1 warn pnpm": {
    "message": "Unsupported engine: wanted: {\"node\":\"14.16.x\"} (current: {\"node\":\"v16.13.0\",\"pnpm\":\"6.22.2\"})",
    "prefix": "C:\\Users\\kevin\\dev\\kevinfiol\\js\\enhanced-gog"
  },
  "2 error pnpm": {
    "errno": 1,
    "code": "ELIFECYCLE",
    "pkgid": "enhanced-gog@1.3.1",
    "stage": "build",
    "script": "node ./scripts/build.js",
    "pkgname": "enhanced-gog",
    "err": {
      "name": "pnpm",
      "message": "enhanced-gog@1.3.1 build: `node ./scripts/build.js`\nExit status 1",
      "code": "ELIFECYCLE",
      "stack": "pnpm: enhanced-gog@1.3.1 build: `node ./scripts/build.js`\nExit status 1\n    at EventEmitter.<anonymous> (C:\\Users\\kevin\\scoop\\persist\\volta\\appdata\\tools\\image\\packages\\pnpm\\node_modules\\pnpm\\dist\\pnpm.cjs:103408:20)\n    at EventEmitter.emit (node:events:390:28)\n    at ChildProcess.<anonymous> (C:\\Users\\kevin\\scoop\\persist\\volta\\appdata\\tools\\image\\packages\\pnpm\\node_modules\\pnpm\\dist\\pnpm.cjs:91337:18)\n    at ChildProcess.emit (node:events:390:28)\n    at maybeClose (node:internal/child_process:1064:16)\n    at Process.ChildProcess._handle.onexit (node:internal/child_process:301:5)"
    }
  },
  "3 warn pnpm:global": " Local package.json exists, but node_modules missing, did you mean to install?"
}